<?xml version="1.0" encoding="UTF-8" ?>
<testsuite failures="0" time="0.152" errors="0" skipped="0" tests="28" name="org.jfree.chart.plot.junit.XYPlotTests">
  <properties>
    <property name="java.runtime.name" value="OpenJDK Runtime Environment"/>
    <property name="sun.boot.library.path" value="/usr/lib/jvm/java-6-openjdk-amd64/jre/lib/amd64"/>
    <property name="java.vm.version" value="20.0-b12"/>
    <property name="java.vm.vendor" value="Sun Microsystems Inc."/>
    <property name="java.vendor.url" value="http://java.sun.com/"/>
    <property name="path.separator" value=":"/>
    <property name="java.vm.name" value="OpenJDK 64-Bit Server VM"/>
    <property name="file.encoding.pkg" value="sun.io"/>
    <property name="user.country" value="US"/>
    <property name="sun.java.launcher" value="SUN_STANDARD"/>
    <property name="sun.os.patch.level" value="unknown"/>
    <property name="java.vm.specification.name" value="Java Virtual Machine Specification"/>
    <property name="user.dir" value="/home/andrey/Downloads/jfreechart-1.0.14"/>
    <property name="java.runtime.version" value="1.6.0_24-b24"/>
    <property name="java.awt.graphicsenv" value="sun.awt.X11GraphicsEnvironment"/>
    <property name="java.endorsed.dirs" value="/usr/lib/jvm/java-6-openjdk-amd64/jre/lib/endorsed"/>
    <property name="os.arch" value="amd64"/>
    <property name="java.io.tmpdir" value="/tmp"/>
    <property name="line.separator" value="
"/>
    <property name="java.vm.specification.vendor" value="Sun Microsystems Inc."/>
    <property name="os.name" value="Linux"/>
    <property name="classworlds.conf" value="/usr/share/maven2/bin/m2.conf"/>
    <property name="sun.jnu.encoding" value="UTF-8"/>
    <property name="java.library.path" value="/usr/lib/jvm/java-6-openjdk-amd64/jre/lib/amd64/server:/usr/lib/jvm/java-6-openjdk-amd64/jre/lib/amd64:/usr/lib/jvm/java-6-openjdk-amd64/jre/../lib/amd64:/usr/java/packages/lib/amd64:/usr/lib/x86_64-linux-gnu/jni:/lib/x86_64-linux-gnu:/usr/lib/x86_64-linux-gnu:/usr/lib/jni:/lib:/usr/lib"/>
    <property name="java.specification.name" value="Java Platform API Specification"/>
    <property name="java.class.version" value="50.0"/>
    <property name="sun.management.compiler" value="HotSpot 64-Bit Tiered Compilers"/>
    <property name="os.version" value="3.2.0-23-generic"/>
    <property name="user.home" value="/home/andrey"/>
    <property name="user.timezone" value="America/New_York"/>
    <property name="java.awt.printerjob" value="sun.print.PSPrinterJob"/>
    <property name="file.encoding" value="UTF-8"/>
    <property name="java.specification.version" value="1.6"/>
    <property name="user.name" value="andrey"/>
    <property name="java.class.path" value="/usr/share/maven2/boot/classworlds.jar"/>
    <property name="java.vm.specification.version" value="1.0"/>
    <property name="sun.arch.data.model" value="64"/>
    <property name="java.home" value="/usr/lib/jvm/java-6-openjdk-amd64/jre"/>
    <property name="sun.java.command" value="org.codehaus.classworlds.Launcher &quot;install&quot;"/>
    <property name="java.specification.vendor" value="Sun Microsystems Inc."/>
    <property name="user.language" value="en"/>
    <property name="java.vm.info" value="mixed mode"/>
    <property name="java.version" value="1.6.0_24"/>
    <property name="java.ext.dirs" value="/usr/lib/jvm/java-6-openjdk-amd64/jre/lib/ext:/usr/java/packages/lib/ext"/>
    <property name="securerandom.source" value="file:/dev/./urandom"/>
    <property name="sun.boot.class.path" value="/usr/lib/jvm/java-6-openjdk-amd64/jre/lib/resources.jar:/usr/lib/jvm/java-6-openjdk-amd64/jre/lib/rt.jar:/usr/lib/jvm/java-6-openjdk-amd64/jre/lib/sunrsasign.jar:/usr/lib/jvm/java-6-openjdk-amd64/jre/lib/jsse.jar:/usr/lib/jvm/java-6-openjdk-amd64/jre/lib/jce.jar:/usr/lib/jvm/java-6-openjdk-amd64/jre/lib/charsets.jar:/usr/lib/jvm/java-6-openjdk-amd64/jre/lib/netx.jar:/usr/lib/jvm/java-6-openjdk-amd64/jre/lib/plugin.jar:/usr/lib/jvm/java-6-openjdk-amd64/jre/lib/rhino.jar:/usr/lib/jvm/java-6-openjdk-amd64/jre/lib/modules/jdk.boot.jar:/usr/lib/jvm/java-6-openjdk-amd64/jre/classes"/>
    <property name="java.vendor" value="Sun Microsystems Inc."/>
    <property name="maven.home" value="/usr/share/maven2"/>
    <property name="file.separator" value="/"/>
    <property name="java.vendor.url.bug" value="http://java.sun.com/cgi-bin/bugreport.cgi"/>
    <property name="sun.cpu.endian" value="little"/>
    <property name="sun.io.unicode.encoding" value="UnicodeLittle"/>
    <property name="sun.cpu.isalist" value=""/>
  </properties>
  <testcase time="0.02" classname="org.jfree.chart.plot.junit.XYPlotTests" name="testEquals"/>
  <testcase time="0.001" classname="org.jfree.chart.plot.junit.XYPlotTests" name="testCloning"/>
  <testcase time="0.001" classname="org.jfree.chart.plot.junit.XYPlotTests" name="testCloning2"/>
  <testcase time="0.029" classname="org.jfree.chart.plot.junit.XYPlotTests" name="testSerialization2"/>
  <testcase time="0.001" classname="org.jfree.chart.plot.junit.XYPlotTests" name="testCloning3"/>
  <testcase time="0.001" classname="org.jfree.chart.plot.junit.XYPlotTests" name="testBug2817504"/>
  <testcase time="0.022" classname="org.jfree.chart.plot.junit.XYPlotTests" name="testSerialization3"/>
  <testcase time="0.022" classname="org.jfree.chart.plot.junit.XYPlotTests" name="testSerialization4"/>
  <testcase time="0.01" classname="org.jfree.chart.plot.junit.XYPlotTests" name="testSerialization5"/>
  <testcase time="0" classname="org.jfree.chart.plot.junit.XYPlotTests" name="testSetRenderer"/>
  <testcase time="0" classname="org.jfree.chart.plot.junit.XYPlotTests" name="testAddDomainMarker"/>
  <testcase time="0" classname="org.jfree.chart.plot.junit.XYPlotTests" name="testAddRangeMarker"/>
  <testcase time="0.007" classname="org.jfree.chart.plot.junit.XYPlotTests" name="test1654215"/>
  <testcase time="0" classname="org.jfree.chart.plot.junit.XYPlotTests" name="testRemoveDomainMarker"/>
  <testcase time="0" classname="org.jfree.chart.plot.junit.XYPlotTests" name="testRemoveRangeMarker"/>
  <testcase time="0.002" classname="org.jfree.chart.plot.junit.XYPlotTests" name="testGetDomainAxisForDataset"/>
  <testcase time="0.001" classname="org.jfree.chart.plot.junit.XYPlotTests" name="testGetRangeAxisForDataset"/>
  <testcase time="0.007" classname="org.jfree.chart.plot.junit.XYPlotTests" name="testSerialization1"/>
  <testcase time="0.001" classname="org.jfree.chart.plot.junit.XYPlotTests" name="testCloning4"/>
  <testcase time="0" classname="org.jfree.chart.plot.junit.XYPlotTests" name="testCloning_QuadrantOrigin"/>
  <testcase time="0.001" classname="org.jfree.chart.plot.junit.XYPlotTests" name="testCloning_QuadrantPaint"/>
  <testcase time="0.003" classname="org.jfree.chart.plot.junit.XYPlotTests" name="testCloneIndependence"/>
  <testcase time="0" classname="org.jfree.chart.plot.junit.XYPlotTests" name="testSetNullRenderer"/>
  <testcase time="0" classname="org.jfree.chart.plot.junit.XYPlotTests" name="testGetRendererForDataset"/>
  <testcase time="0.002" classname="org.jfree.chart.plot.junit.XYPlotTests" name="testGetLegendItems"/>
  <testcase time="0" classname="org.jfree.chart.plot.junit.XYPlotTests" name="testRemoveAnnotation"/>
  <testcase time="0.006" classname="org.jfree.chart.plot.junit.XYPlotTests" name="testDrawRangeGridlines"/>
  <testcase time="0.005" classname="org.jfree.chart.plot.junit.XYPlotTests" name="testDrawSeriesWithZeroItems"/>
</testsuite>